<?xml version="1.0" encoding="UTF-8"?>
<testng-results ignored="0" total="1" passed="1" failed="0" skipped="0">
  <reporter-output>
  </reporter-output>
  <suite started-at="2023-03-09T09:40:48 IST" name="Default suite" finished-at="2023-03-09T09:41:07 IST" duration-ms="19561">
    <groups>
    </groups>
    <test started-at="2023-03-09T09:40:48 IST" name="Default test" finished-at="2023-03-09T09:41:07 IST" duration-ms="19561">
      <class name="Real.TC_01">
        <test-method is-config="true" signature="setCapabilities()[pri:0, instance:Real.TC_01@6392827e]" started-at="2023-03-09T09:40:48 IST" name="setCapabilities" finished-at="2023-03-09T09:41:00 IST" duration-ms="12186" status="PASS">
          <reporter-output>
          </reporter-output>
        </test-method> <!-- setCapabilities -->
        <test-method signature="TC01()[pri:1, instance:Real.TC_01@6392827e]" started-at="2023-03-09T09:41:00 IST" name="TC01" finished-at="2023-03-09T09:41:07 IST" duration-ms="7336" status="PASS">
          <reporter-output>
          </reporter-output>
        </test-method> <!-- TC01 -->
      </class> <!-- Real.TC_01 -->
    </test> <!-- Default test -->
  </suite> <!-- Default suite -->
</testng-results>
